  main.cpp
C:\Users\dkert\Documents\GitHub\ImageProcessing\Beadando\Beadando1\Beadando1\main.cpp(171,47): warning C4244: '=': conversion from 'float' to '_Tp', possible loss of data
          with
          [
              _Tp=unsigned char
          ]
C:\Users\dkert\Documents\GitHub\ImageProcessing\Beadando\Beadando1\Beadando1\main.cpp(180,47): warning C4244: '=': conversion from 'double' to '_Tp', possible loss of data
          with
          [
              _Tp=unsigned char
          ]
C:\Users\dkert\Documents\GitHub\ImageProcessing\Beadando\Beadando1\Beadando1\main.cpp(198,47): warning C4244: '=': conversion from 'float' to 'int', possible loss of data
C:\Users\dkert\Documents\GitHub\ImageProcessing\Beadando\Beadando1\Beadando1\main.cpp(217,35): warning C4244: '+=': conversion from 'double' to 'float', possible loss of data
C:\Users\dkert\Documents\GitHub\ImageProcessing\Beadando\Beadando1\Beadando1\main.cpp(224,66): warning C4244: '=': conversion from 'float' to '_Tp', possible loss of data
          with
          [
              _Tp=unsigned char
          ]
C:\Users\dkert\Documents\GitHub\ImageProcessing\Beadando\Beadando1\Beadando1\main.cpp(236,31): warning C4244: 'initializing': conversion from 'double' to 'unsigned char', possible loss of data
C:\Users\dkert\Documents\GitHub\ImageProcessing\Beadando\Beadando1\Beadando1\main.cpp(268,57): warning C4244: '=': conversion from 'float' to '_Tp', possible loss of data
          with
          [
              _Tp=unsigned char
          ]
C:\Users\dkert\Documents\GitHub\ImageProcessing\Beadando\Beadando1\Beadando1\main.cpp(302,46): warning C4244: '=': conversion from 'float' to '_Tp', possible loss of data
          with
          [
              _Tp=unsigned char
          ]
C:\Users\dkert\Documents\GitHub\ImageProcessing\Beadando\Beadando1\Beadando1\main.cpp(387,5): warning C4267: 'initializing': conversion from 'size_t' to 'int', possible loss of data
  Beadando1.vcxproj -> C:\Users\dkert\Documents\GitHub\ImageProcessing\Beadando\Beadando1\x64\Debug\Beadando1.exe
